[debug] [2024-10-31T10:22:47.483Z] ----------------------------------------------------------------------
[debug] [2024-10-31T10:22:47.485Z] Command:       C:\Program Files\nodejs\node.exe C:\Program Files\nodejs\node_modules\firebase-tools\lib\bin\firebase.js init
[debug] [2024-10-31T10:22:47.486Z] CLI Version:   13.18.0
[debug] [2024-10-31T10:22:47.486Z] Platform:      win32
[debug] [2024-10-31T10:22:47.486Z] Node Version:  v18.18.0
[debug] [2024-10-31T10:22:47.499Z] Time:          Thu Oct 31 2024 15:22:47 GMT+0500 (Pakistan Standard Time)
[debug] [2024-10-31T10:22:47.502Z] ----------------------------------------------------------------------
[debug] 
[debug] [2024-10-31T10:22:47.506Z] >>> [apiv2][query] GET https://firebase-public.firebaseio.com/cli.json [none]
[debug] [2024-10-31T10:22:47.561Z] > command requires scopes: ["email","openid","https://www.googleapis.com/auth/cloudplatformprojects.readonly","https://www.googleapis.com/auth/firebase","https://www.googleapis.com/auth/cloud-platform"]
[debug] [2024-10-31T10:22:47.561Z] > authorizing via signed-in user (osamashakil845@gmail.com)
[info] 
     ######## #### ########  ######## ########     ###     ######  ########
     ##        ##  ##     ## ##       ##     ##  ##   ##  ##       ##
     ######    ##  ########  ######   ########  #########  ######  ######
     ##        ##  ##    ##  ##       ##     ## ##     ##       ## ##
     ##       #### ##     ## ######## ########  ##     ##  ######  ########

You're about to initialize a Firebase project in this directory:

  D:\Freelance-Projects\Full_Srack

[debug] [2024-10-31T10:22:48.243Z] <<< [apiv2][status] GET https://firebase-public.firebaseio.com/cli.json 200
[debug] [2024-10-31T10:22:48.243Z] <<< [apiv2][body] GET https://firebase-public.firebaseio.com/cli.json {"cloudBuildErrorAfter":1594252800000,"cloudBuildWarnAfter":1590019200000,"defaultNode10After":1594252800000,"minVersion":"3.0.5","node8DeploysDisabledAfter":1613390400000,"node8RuntimeDisabledAfter":1615809600000,"node8WarnAfter":1600128000000}
